<?xml version="1.0" encoding="UTF-8"?>
<!-- Generated by org.testng.reporters.JUnitXMLReporter -->
<testsuite ignored="1" hostname="DESKTOP-29610L1" failures="0" tests="1" name="chrome Test" time="13.635" errors="0" timestamp="2025-04-22T15:50:07 IST">
  <testcase classname="testCases.TC001_RegistraionTest" name="Verify_registration" time="6.395"/>
  <testcase classname="testCases.TC_002_LoginTest" name="verify_Login" time="0.0">
    <ignored/>
  </testcase> <!-- verify_Login -->
</testsuite> <!-- chrome Test -->
